<?xml version="1.0" encoding="UTF-8"?>
<!-- Generated by org.testng.reporters.JUnitReportReporter -->
<testsuite hostname="LAPTOP-FOEU62M7" failures="0" tests="5" name="com.qa.genpro.testscripts.TestClass1" time="16.211" errors="0" timestamp="2023-06-14T22:16:28 IST" skipped="0">
  <testcase classname="com.qa.genpro.testscripts.TestClass1" name="sortPageverification" time="6.766"/>
  <system-out/>
  <testcase classname="com.qa.genpro.testscripts.TestClass1" name="allItemscartPageverification" time="0.288"/>
  <system-out/>
  <testcase classname="com.qa.genpro.testscripts.TestClass1" name="removeItemscartPageverification" time="8.332"/>
  <system-out/>
  <testcase classname="com.qa.genpro.testscripts.TestClass1" name="enterdetailsPageverification" time="0.531"/>
  <system-out/>
  <testcase classname="com.qa.genpro.testscripts.TestClass1" name="logoutPageverification" time="0.294"/>
  <system-out/>
</testsuite> <!-- com.qa.genpro.testscripts.TestClass1 -->
